#
# There is insufficient memory for the Java Runtime Environment to continue.
# Native memory allocation (mmap) failed to map 264241152 bytes for G1 virtual space
# Possible reasons:
#   The system is out of physical RAM or swap space
#   The process is running with CompressedOops enabled, and the Java Heap may be blocking the growth of the native heap
# Possible solutions:
#   Reduce memory load on the system
#   Increase physical memory or swap space
#   Check if swap backing store is full
#   Decrease Java heap size (-Xmx/-Xms)
#   Decrease number of Java threads
#   Decrease Java thread stack sizes (-Xss)
#   Set larger code cache with -XX:ReservedCodeCacheSize=
#   JVM is running with Zero Based Compressed Oops mode in which the Java heap is
#     placed in the first 32GB address space. The Java Heap base address is the
#     maximum limit for the native heap growth. Please use -XX:HeapBaseMinAddress
#     to set the Java Heap base and to place the Java Heap above 32GB virtual address.
# This output file may be truncated or incomplete.
#
#  Out of Memory Error (os_windows.cpp:3600), pid=17904, tid=28408
#
# JRE version:  (21.0+35) (build )
# Java VM: Java HotSpot(TM) 64-Bit Server VM (21+35-LTS-2513, mixed mode, sharing, tiered, compressed oops, compressed class ptrs, g1 gc, windows-amd64)
# No core dump will be written. Minidumps are not enabled by default on client versions of Windows
#

---------------  S U M M A R Y ------------

Command Line: C:\Users\User\AppData\Local\Temp\surefire17404230787162479316\surefirebooter-20240706195140744_3.jar C:\Users\User\AppData\Local\Temp\surefire17404230787162479316 2024-07-06T19-51-37_948-jvmRun1 surefire-20240706195140744_1tmp surefire_0-20240706195140744_2tmp

Host: 12th Gen Intel(R) Core(TM) i7-1255U, 12 cores, 15G,  Windows 10 , 64 bit Build 19041 (10.0.19041.3636)
Time: Sat Jul  6 19:51:40 2024 SE Asia Standard Time elapsed time: 0.006850 seconds (0d 0h 0m 0s)

---------------  T H R E A D  ---------------

Current thread (0x00000265b047d850):  JavaThread "Unknown thread" [_thread_in_vm, id=28408, stack(0x000000d03ec00000,0x000000d03ed00000) (1024K)]

Stack: [0x000000d03ec00000,0x000000d03ed00000]
Native frames: (J=compiled Java code, j=interpreted, Vv=VM code, C=native code)
V  [jvm.dll+0x6c8d39]
V  [jvm.dll+0x854091]
V  [jvm.dll+0x85630e]
V  [jvm.dll+0x8569e3]
V  [jvm.dll+0x2809a6]
V  [jvm.dll+0x6c5425]
V  [jvm.dll+0x6b9e1a]
V  [jvm.dll+0x3555ba]
V  [jvm.dll+0x35d206]
V  [jvm.dll+0x3adf6e]
V  [jvm.dll+0x3ae218]
V  [jvm.dll+0x328fcc]
V  [jvm.dll+0x329b5b]
V  [jvm.dll+0x81c699]
V  [jvm.dll+0x3bb2a1]
V  [jvm.dll+0x805688]
V  [jvm.dll+0x44ed9e]
V  [jvm.dll+0x4506a1]
C  [jli.dll+0x52a3]
C  [ucrtbase.dll+0x21bb2]
C  [KERNEL32.DLL+0x17344]
C  [ntdll.dll+0x4cc91]


---------------  P R O C E S S  ---------------

Threads class SMR info:
_java_thread_list=0x00007ffff7db7b48, length=0, elements={
}

Java Threads: ( => current thread )
Total: 0

Other Threads:
  0x00000265b04e0900 WorkerThread "GC Thread#0"                     [id=19576, stack(0x000000d03ed00000,0x000000d03ee00000) (1024K)]
  0x00000265b04f1300 ConcurrentGCThread "G1 Main Marker"            [id=1540, stack(0x000000d03ee00000,0x000000d03ef00000) (1024K)]
  0x00000265b04f2920 WorkerThread "G1 Conc#0"                       [id=27284, stack(0x000000d03ef00000,0x000000d03f000000) (1024K)]

[error occurred during error reporting (printing all threads), id 0xc0000005, EXCEPTION_ACCESS_VIOLATION (0xc0000005) at pc=0x00007ffff752c097]
VM state: not at safepoint (not fully initialized)

VM Mutex/Monitor currently owned by a thread:  ([mutex/lock_event])
[0x00007ffff7e28648] Heap_lock - owner thread: 0x00000265b047d850

Heap address: 0x0000000704e00000, size: 4018 MB, Compressed Oops mode: Zero based, Oop shift amount: 3

CDS archive(s) mapped at: [0x0000000000000000-0x0000000000000000-0x0000000000000000), size 0, SharedBaseAddress: 0x0000000800000000, ArchiveRelocationMode: 1.
Narrow klass base: 0x0000000000000000, Narrow klass shift: 0, Narrow klass range: 0x0

GC Precious Log:
 CardTable entry size: 512
 Card Set container configuration: InlinePtr #cards 4 size 8 Array Of Cards #cards 16 size 48 Howl #buckets 8 coarsen threshold 3686 Howl Bitmap #cards 512 size 80 coarsen threshold 460 Card regions per heap region 1 cards per card region 4096

Heap:
 garbage-first heap   total 0K, used 0K [0x0000000704e00000, 0x0000000800000000)
  region size 2048K, 0 young (0K), 0 survivors (0K)

[error occurred during error reporting (printing heap information), id 0xc0000005, EXCEPTION_ACCESS_VIOLATION (0xc0000005) at pc=0x00007ffff7911939]
GC Heap History (0 events):
No events

Dll operation events (1 events):
Event: 0.004 Loaded shared library C:\Program Files\Java\jdk-21\bin\java.dll

Deoptimization events (0 events):
No events

Classes loaded (0 events):
No events

Classes unloaded (0 events):
No events

Classes redefined (0 events):
No events

Internal exceptions (0 events):
No events

ZGC Phase Switch (0 events):
No events

VM Operations (0 events):
No events

Events (0 events):
No events


Dynamic libraries:
0x00007ff717cf0000 - 0x00007ff717d00000 	C:\Program Files\Java\jdk-21\bin\java.exe
0x00007ff891430000 - 0x00007ff891628000 	C:\Windows\SYSTEM32\ntdll.dll
0x00007ff8901d0000 - 0x00007ff89028d000 	C:\Windows\System32\KERNEL32.DLL
0x00007ff88f170000 - 0x00007ff88f466000 	C:\Windows\System32\KERNELBASE.dll
0x00007ff88eee0000 - 0x00007ff88efe0000 	C:\Windows\System32\ucrtbase.dll
0x00007ff886270000 - 0x00007ff88628b000 	C:\Program Files\Java\jdk-21\bin\VCRUNTIME140.dll
0x00007ff886290000 - 0x00007ff8862a9000 	C:\Program Files\Java\jdk-21\bin\jli.dll
0x00007ff88f9e0000 - 0x00007ff88fa90000 	C:\Windows\System32\ADVAPI32.dll
0x00007ff8910c0000 - 0x00007ff89115e000 	C:\Windows\System32\msvcrt.dll
0x00007ff890130000 - 0x00007ff8901d0000 	C:\Windows\System32\sechost.dll
0x00007ff8904a0000 - 0x00007ff8905c3000 	C:\Windows\System32\RPCRT4.dll
0x00007ff88f140000 - 0x00007ff88f167000 	C:\Windows\System32\bcrypt.dll
0x00007ff8907a0000 - 0x00007ff89093f000 	C:\Windows\System32\USER32.dll
0x00007ff88ee40000 - 0x00007ff88ee62000 	C:\Windows\System32\win32u.dll
0x00007ff87f3f0000 - 0x00007ff87f68a000 	C:\Windows\WinSxS\amd64_microsoft.windows.common-controls_6595b64144ccf1df_6.0.19041.4355_none_60b8b9eb71f62e16\COMCTL32.dll
0x00007ff88fa90000 - 0x00007ff88fabb000 	C:\Windows\System32\GDI32.dll
0x00007ff88eaf0000 - 0x00007ff88ec07000 	C:\Windows\System32\gdi32full.dll
0x00007ff88ec10000 - 0x00007ff88ecad000 	C:\Windows\System32\msvcp_win.dll
0x00007ff881500000 - 0x00007ff88150a000 	C:\Windows\SYSTEM32\VERSION.dll
0x00007ff88f470000 - 0x00007ff88f49f000 	C:\Windows\System32\IMM32.DLL
0x00007ff8892f0000 - 0x00007ff8892fc000 	C:\Program Files\Java\jdk-21\bin\vcruntime140_1.dll
0x00007ff8509f0000 - 0x00007ff850a7e000 	C:\Program Files\Java\jdk-21\bin\msvcp140.dll
0x00007ffff71f0000 - 0x00007ffff7f03000 	C:\Program Files\Java\jdk-21\bin\server\jvm.dll
0x00007ff8903c0000 - 0x00007ff89042b000 	C:\Windows\System32\WS2_32.dll
0x00007ff88e070000 - 0x00007ff88e0bb000 	C:\Windows\SYSTEM32\POWRPROF.dll
0x00007ff864600000 - 0x00007ff864627000 	C:\Windows\SYSTEM32\WINMM.dll
0x00007ff88dee0000 - 0x00007ff88def2000 	C:\Windows\SYSTEM32\UMPDC.dll
0x00007ff88d300000 - 0x00007ff88d312000 	C:\Windows\SYSTEM32\kernel.appcore.dll
0x00007ff8854f0000 - 0x00007ff8854fa000 	C:\Program Files\Java\jdk-21\bin\jimage.dll
0x00007ff88c880000 - 0x00007ff88ca64000 	C:\Windows\SYSTEM32\DBGHELP.DLL
0x00007ff87f390000 - 0x00007ff87f3c4000 	C:\Windows\SYSTEM32\dbgcore.DLL
0x00007ff88ed60000 - 0x00007ff88ede2000 	C:\Windows\System32\bcryptPrimitives.dll
0x00007ff884ab0000 - 0x00007ff884acf000 	C:\Program Files\Java\jdk-21\bin\java.dll

dbghelp: loaded successfully - version: 4.0.5 - missing functions: none
symbol engine: initialized successfully - sym options: 0x614 - pdb path: .;C:\Program Files\Java\jdk-21\bin;C:\Windows\SYSTEM32;C:\Windows\WinSxS\amd64_microsoft.windows.common-controls_6595b64144ccf1df_6.0.19041.4355_none_60b8b9eb71f62e16;C:\Program Files\Java\jdk-21\bin\server

VM Arguments:
java_command: C:\Users\User\AppData\Local\Temp\surefire17404230787162479316\surefirebooter-20240706195140744_3.jar C:\Users\User\AppData\Local\Temp\surefire17404230787162479316 2024-07-06T19-51-37_948-jvmRun1 surefire-20240706195140744_1tmp surefire_0-20240706195140744_2tmp
java_class_path (initial): C:\Users\User\AppData\Local\Temp\surefire17404230787162479316\surefirebooter-20240706195140744_3.jar
Launcher Type: SUN_STANDARD

[Global flags]
     intx CICompilerCount                          = 4                                         {product} {ergonomic}
     uint ConcGCThreads                            = 3                                         {product} {ergonomic}
     uint G1ConcRefinementThreads                  = 10                                        {product} {ergonomic}
   size_t G1HeapRegionSize                         = 2097152                                   {product} {ergonomic}
    uintx GCDrainStackTargetSize                   = 64                                        {product} {ergonomic}
   size_t InitialHeapSize                          = 264241152                                 {product} {ergonomic}
   size_t MarkStackSize                            = 4194304                                   {product} {ergonomic}
   size_t MaxHeapSize                              = 4213178368                                {product} {ergonomic}
   size_t MinHeapDeltaBytes                        = 2097152                                   {product} {ergonomic}
   size_t MinHeapSize                              = 8388608                                   {product} {ergonomic}
    uintx NonNMethodCodeHeapSize                   = 5839372                                {pd product} {ergonomic}
    uintx NonProfiledCodeHeapSize                  = 122909434                              {pd product} {ergonomic}
    uintx ProfiledCodeHeapSize                     = 122909434                              {pd product} {ergonomic}
    uintx ReservedCodeCacheSize                    = 251658240                              {pd product} {ergonomic}
     bool SegmentedCodeCache                       = true                                      {product} {ergonomic}
   size_t SoftMaxHeapSize                          = 4213178368                             {manageable} {ergonomic}
     bool UseCompressedOops                        = true                           {product lp64_product} {ergonomic}
     bool UseG1GC                                  = true                                      {product} {ergonomic}
     bool UseLargePagesIndividualAllocation        = false                                  {pd product} {ergonomic}

Logging:
Log output configuration:
 #0: stdout all=warning uptime,level,tags foldmultilines=false
 #1: stderr all=off uptime,level,tags foldmultilines=false

Environment Variables:
PATH=C:\Program Files\Java\jdk-17.0.9\bin;C:\Program Files\Java\jdk1.6.0_45\bin;C:\Program Files\Common Files\Oracle\Java\javapath;C:\Program Files (x86)\Common Files\Oracle\Java\javapath;D:\DevSuiteHome_2\jdk\jre\bin\classic;D:\DevSuiteHome_2\jdk\jre\bin;D:\DevSuiteHome_2\jdk\jre\bin\client;D:\DevSuiteHome_2\jlib;D:\DevSuiteHome_2\bin;D:\DevSuiteHome_2\jre\1.4.2\bin\client;D:\DevSuiteHome_2\jre\1.4.2\bin;C:\Windows\system32;C:\Windows;C:\Windows\System32\Wbem;C:\Windows\System32\WindowsPowerShell\v1.0\;C:\Windows\System32\OpenSSH\;C:\Program Files\Git\cmd;C:\Program Files (x86)\Microsoft SQL Server\160\Tools\Binn\;C:\Program Files\Microsoft SQL Server\160\Tools\Binn\;C:\Program Files\Microsoft SQL Server\Client SDK\ODBC\170\Tools\Binn\;C:\Program Files\Microsoft SQL Server\160\DTS\Binn\;C:\Program Files (x86)\Microsoft SQL Server\160\DTS\Binn\;C:\Program Files\Azure Data Studio\bin;C:\ProgramData\chocolatey\bin;C:\php-8.1.10;C:\php-8.2.15;C:\Program Files\dotnet\;C:\go\bin;C:\Program Files\TortoiseSVN\bin;C:\Program Files\Redis\;C:\Program Files\PostgreSQL\16\bin;C:\Program Files\Microsoft SQL Server\150\Tools\Binn\;C:\Program Files\Go\bin;C:\MinGW\bin;C:\TDM-GCC-64\bin;C:\Users\User\AppData\Roaming\nvm;C:\Program Files\nodejs;C:\Users\User\AppData\Local\Programs\Python\Python37\Scripts\;C:\Users\User\AppData\Local\Programs\Python\Python37\;C:\Users\User\AppData\Local\Programs\Python\Launcher\;C:\Users\User\AppData\Local\Microsoft\WindowsApps;C:\Users\User\AppData\Local\Programs\Microsoft VS Code\bin;C:\Program Files\Azure Data Studio\bin;C:\Users\User\AppData\Roaming\npm;C:\Users\User\.dotnet\tools;C:\Program Files\JetBrains\IntelliJ IDEA Community Edition 2023.3.2\bin;;C:\Users\User\AppData\Local\ComposerSetup\bin;C:\Users\User\AppData\Roaming\Composer\vendor\bin;C:\Users\User\go\bin;C:\Users\User\AppData\Roaming\nvm;C:\Program Files\nodejs
USERNAME=User
OS=Windows_NT
PROCESSOR_IDENTIFIER=Intel64 Family 6 Model 154 Stepping 4, GenuineIntel
TMP=C:\Users\User\AppData\Local\Temp
TEMP=C:\Users\User\AppData\Local\Temp




---------------  S Y S T E M  ---------------

OS:
 Windows 10 , 64 bit Build 19041 (10.0.19041.3636)
OS uptime: 4 days 4:31 hours

CPU: total 12 (initial active 12) (6 cores per cpu, 2 threads per core) family 6 model 154 stepping 4 microcode 0x432, cx8, cmov, fxsr, ht, mmx, 3dnowpref, sse, sse2, sse3, ssse3, sse4.1, sse4.2, popcnt, lzcnt, tsc, tscinvbit, avx, avx2, aes, erms, clmul, bmi1, bmi2, adx, sha, fma, vzeroupper, clflush, clflushopt, clwb, serialize, rdtscp, rdpid, fsrm, f16c, pku, cet_ibt, cet_ss
Processor Information for processor 0
  Max Mhz: 1700, Current Mhz: 1700, Mhz Limit: 1190
Processor Information for processor 1
  Max Mhz: 1700, Current Mhz: 1700, Mhz Limit: 1190
Processor Information for processor 2
  Max Mhz: 1700, Current Mhz: 1700, Mhz Limit: 1700
Processor Information for processor 3
  Max Mhz: 1700, Current Mhz: 1700, Mhz Limit: 1700
Processor Information for processor 4
  Max Mhz: 1700, Current Mhz: 1200, Mhz Limit: 1190
Processor Information for processor 5
  Max Mhz: 1700, Current Mhz: 1200, Mhz Limit: 1190
Processor Information for processor 6
  Max Mhz: 1700, Current Mhz: 1200, Mhz Limit: 1190
Processor Information for processor 7
  Max Mhz: 1700, Current Mhz: 1200, Mhz Limit: 1190
Processor Information for processor 8
  Max Mhz: 1700, Current Mhz: 1200, Mhz Limit: 1190
Processor Information for processor 9
  Max Mhz: 1700, Current Mhz: 1200, Mhz Limit: 1190
Processor Information for processor 10
  Max Mhz: 1700, Current Mhz: 1200, Mhz Limit: 1190
Processor Information for processor 11
  Max Mhz: 1700, Current Mhz: 1200, Mhz Limit: 1190

Memory: 4k page, system-wide physical 16068M (4451M free)
TotalPageFile size 18972M (AvailPageFile size 16M)
current process WorkingSet (physical memory assigned to process): 10M, peak: 10M
current process commit charge ("private bytes"): 64M, peak: 316M

vm_info: Java HotSpot(TM) 64-Bit Server VM (21+35-LTS-2513) for windows-amd64 JRE (21+35-LTS-2513), built on 2023-08-09T20:25:10Z by "mach5one" with MS VC++ 17.1 (VS2022)

END.
